{"uid":"4b4757e66a1912dae1a509f688f20b0f","name":"categories","children":[{"name":"Product defects","children":[{"name":"Condition failed with Exception:\n\nnew WebDriverWait(driver, TIMEOUT).until(ExpectedConditions.urlContains(\"https://practicesoftwaretesting.com/#/auth/login\"))\n|                 |       |        |     |                  |\n|                 |       5        |     |                  url to contain \"https://practicesoftwaretesting.com/#/auth/login\". Current url: \"https://practicesoftwaretesting.com/#/account/profile\"\n|                 |                |     class org.openqa.selenium.support.ui.ExpectedConditions\n|                 |                org.openqa.selenium.TimeoutException: Expected condition failed: waiting for url to contain \"https://practicesoftwaretesting.com/#/auth/login\". Current url: \"https://practicesoftwaretesting.com/#/account/profile\" (tried for 5 second(s) with 500 MILLISECONDS interval)\n|                 |                Build info: version: '3.9.1', revision: '63f7b50', time: '2018-02-07T22:25:02.294Z'\n|                 |                System info: host: 'Patryks-MBP.mshome.net', ip: 'fe80:0:0:0:1479:1fb8:e982:d19b%en0', os.name: 'Mac OS X', os.arch: 'aarch64', os.version: '14.1.1', java.version: '17.0.5'\n|                 |                Driver info: org.openqa.selenium.chrome.ChromeDriver\n|                 |                Capabilities {acceptInsecureCerts: false, browserName: chrome, browserVersion: 119.0.6045.199, chrome: {chromedriverVersion: 119.0.6045.105 (38c72552c5e..., userDataDir: /var/folders/mh/kb_lq1hs26g...}, fedcm:accounts: true, goog:chromeOptions: {debuggerAddress: localhost:60254}, javascriptEnabled: true, networkConnectionEnabled: false, pageLoadStrategy: normal, platform: MAC, platformName: MAC, proxy: Proxy(), setWindowRect: true, strictFileInteractability: false, timeouts: {implicit: 0, pageLoad: 300000, script: 30000}, unhandledPromptBehavior: dismiss and notify, webauthn:extension:credBlob: true, webauthn:extension:largeBlob: true, webauthn:extension:minPinLength: true, webauthn:extension:prf: true, webauthn:virtualAuthenticators: true}\n|                 |                Session ID: 2b055291a60eade93c73dd882ca4216e\n|                 |                \tat org.openqa.selenium.support.ui.WebDriverWait.timeoutException(WebDriverWait.java:82)\n|                 |                \tat org.openqa.selenium.support.ui.FluentWait.until(FluentWait.java:231)\n|                 |                \tat UI.test.UserLoginPanelSpec.T4 - should change user password(UserLoginPanelSpec.groovy:151)\n|                 ChromeDriver: chrome on MAC (2b055291a60eade93c73dd882ca4216e)\n<org.openqa.selenium.support.ui.WebDriverWait@6a434cdd driver=ChromeDriver: chrome on MAC (2b055291a60eade93c73dd882ca4216e) input=ChromeDriver: chrome on MAC (2b055291a60eade93c73dd882ca4216e) clock=org.openqa.selenium.support.ui.SystemClock@27df4dcb sleeper=org.openqa.selenium.support.ui.Sleeper$1@7ddd5715 timeout=5 SECONDS interval=500 MILLISECONDS messageSupplier=org.openqa.selenium.support.ui.FluentWait$$Lambda$618/0x0000000801424000@54c15e ignoredExceptions=[class org.openqa.selenium.NotFoundException]>\n","children":[{"name":"T4 - should change user password","uid":"a4b6fa9f82a125af","parentUid":"25aff36ab1da296f4d83cb3325758e26","status":"failed","time":{"start":1701970645913,"stop":1701970660007,"duration":14094},"flaky":false,"newFailed":false,"newPassed":false,"newBroken":false,"retriesCount":0,"retriesStatusChange":false,"parameters":[],"tags":[]}],"uid":"25aff36ab1da296f4d83cb3325758e26"},{"name":"1 expectation failed.\nExpected status code <200> but was <401>.\n","children":[{"name":"should retrieve messages where logged as user","uid":"b7589376fdaacb9a","parentUid":"3b1dcf7998af03a0bd3fe4ce0000ada0","status":"failed","time":{"start":1701970694884,"stop":1701970695505,"duration":621},"flaky":false,"newFailed":false,"newPassed":false,"newBroken":false,"retriesCount":0,"retriesStatusChange":false,"parameters":[],"tags":[]},{"name":"should not delete brand with selected and existing id while logged in as normal user ","uid":"c72c50fb15732b10","parentUid":"3b1dcf7998af03a0bd3fe4ce0000ada0","status":"failed","time":{"start":1701970705716,"stop":1701970706313,"duration":597},"flaky":false,"newFailed":false,"newPassed":false,"newBroken":false,"retriesCount":0,"retriesStatusChange":false,"parameters":[],"tags":[]}],"uid":"3b1dcf7998af03a0bd3fe4ce0000ada0"},{"name":"1 expectation failed.\nExpected status code <200> but was <423>.\n","children":[{"name":"should not delete category with selected and existing id while logged in as normal user ","uid":"eb2ca0e6da895f9d","parentUid":"b28eb64c704f07daee193f7a2f0511d6","status":"failed","time":{"start":1701970709975,"stop":1701970710466,"duration":491},"flaky":false,"newFailed":false,"newPassed":false,"newBroken":false,"retriesCount":0,"retriesStatusChange":false,"parameters":[],"tags":[]},{"name":"should return information about user with email customer@practicesoftwaretesting.com","uid":"8a9b3fa3a9cdf59c","parentUid":"b28eb64c704f07daee193f7a2f0511d6","status":"failed","time":{"start":1701970714809,"stop":1701970715066,"duration":257},"flaky":false,"newFailed":false,"newPassed":false,"newBroken":false,"retriesCount":0,"retriesStatusChange":false,"parameters":["customer@practicesoftwaretesting.com","welcome01"],"tags":[]},{"name":"should not delete when user has no permission for that operation","uid":"41be8f8630488029","parentUid":"b28eb64c704f07daee193f7a2f0511d6","status":"failed","time":{"start":1701970717830,"stop":1701970719093,"duration":1263},"flaky":false,"newFailed":false,"newPassed":false,"newBroken":false,"retriesCount":0,"retriesStatusChange":false,"parameters":[],"tags":[]},{"name":"should retrieve favourites","uid":"63dd0a1c5acdc565","parentUid":"b28eb64c704f07daee193f7a2f0511d6","status":"failed","time":{"start":1701970725460,"stop":1701970725698,"duration":238},"flaky":false,"newFailed":false,"newPassed":false,"newBroken":false,"retriesCount":0,"retriesStatusChange":false,"parameters":[],"tags":[]},{"name":"should retrieve only related invoices where logged as user","uid":"4a5994c5571a2e5f","parentUid":"b28eb64c704f07daee193f7a2f0511d6","status":"failed","time":{"start":1701970726984,"stop":1701970727239,"duration":255},"flaky":false,"newFailed":false,"newPassed":false,"newBroken":false,"retriesCount":0,"retriesStatusChange":false,"parameters":[],"tags":[]}],"uid":"b28eb64c704f07daee193f7a2f0511d6"},{"name":"Condition failed with Exception:\n\nresponse.then() .statusCode(200)\n|        |       |\n|        |       java.lang.AssertionError: 1 expectation failed.\n|        |       Expected status code <200> but was <423>.\n|        |        \n|        |       \tat io.restassured.internal.ResponseSpecificationImpl$HamcrestAssertionClosure.validate(ResponseSpecificationImpl.groovy:499)\n|        |       \tat io.restassured.internal.ResponseSpecificationImpl.validateResponseIfRequired(ResponseSpecificationImpl.groovy:684)\n|        |       \tat io.restassured.internal.ResponseSpecificationImpl.statusCode(ResponseSpecificationImpl.groovy:127)\n|        |       \tat io.restassured.internal.ResponseSpecificationImpl.statusCode(ResponseSpecificationImpl.groovy:135)\n|        |       \tat io.restassured.internal.ValidatableResponseOptionsImpl.statusCode(ValidatableResponseOptionsImpl.java:89)\n|        |       \tat io.restassured.internal.ValidatableResponseImpl.statusCode(ValidatableResponseImpl.groovy:142)\n|        |       \tat API.test.User.UserSpec.should provide user token for #email(UserSpec.groovy:41)\n|        <io.restassured.internal.ValidatableResponseImpl@2bc41531 responseSpec=io.restassured.internal.ResponseSpecificationImpl@67af3485 extractableResponse=io.restassured.internal.RestAssuredResponseImpl@379ebdf response=io.restassured.internal.RestAssuredResponseImpl@379ebdf config=io.restassured.config.RestAssuredConfig@572a3331>\n<io.restassured.internal.RestAssuredResponseImpl@379ebdf logRepository=io.restassured.internal.log.LogRepository@286566f groovyResponse=io.restassured.internal.RestAssuredResponseOptionsGroovyImpl@61bfee77>\n","children":[{"name":"should provide user token for customer@practicesoftwaretesting.com","uid":"f3fd2153925b6bef","parentUid":"e127daf6d868f9794cdd09e9952801a3","status":"failed","time":{"start":1701970711753,"stop":1701970712032,"duration":279},"flaky":false,"newFailed":false,"newPassed":false,"newBroken":false,"retriesCount":0,"retriesStatusChange":false,"parameters":["customer@practicesoftwaretesting.com","welcome01"],"tags":[]}],"uid":"e127daf6d868f9794cdd09e9952801a3"},{"name":"Condition failed with Exception:\n\nresponse.then() .statusCode(401)\n|        |       |\n|        |       java.lang.AssertionError: 1 expectation failed.\n|        |       Expected status code <401> but was <302>.\n|        |        \n|        |       \tat io.restassured.internal.ResponseSpecificationImpl$HamcrestAssertionClosure.validate(ResponseSpecificationImpl.groovy:499)\n|        |       \tat io.restassured.internal.ResponseSpecificationImpl.validateResponseIfRequired(ResponseSpecificationImpl.groovy:684)\n|        |       \tat io.restassured.internal.ResponseSpecificationImpl.statusCode(ResponseSpecificationImpl.groovy:127)\n|        |       \tat io.restassured.internal.ResponseSpecificationImpl.statusCode(ResponseSpecificationImpl.groovy:135)\n|        |       \tat io.restassured.internal.ValidatableResponseOptionsImpl.statusCode(ValidatableResponseOptionsImpl.java:89)\n|        |       \tat io.restassured.internal.ValidatableResponseImpl.statusCode(ValidatableResponseImpl.groovy:142)\n|        |       \tat API.test.User.UserSpec.should not return token when credentials are invalid(UserSpec.groovy:64)\n|        <io.restassured.internal.ValidatableResponseImpl@45ca5faf responseSpec=io.restassured.internal.ResponseSpecificationImpl@6f79d583 extractableResponse=io.restassured.internal.RestAssuredResponseImpl@545fb9e response=io.restassured.internal.RestAssuredResponseImpl@545fb9e config=io.restassured.config.RestAssuredConfig@572a3331>\n<io.restassured.internal.RestAssuredResponseImpl@545fb9e logRepository=io.restassured.internal.log.LogRepository@152eed56 groovyResponse=io.restassured.internal.RestAssuredResponseOptionsGroovyImpl@6f779773>\n","children":[{"name":"should not return token when credentials are invalid","uid":"1f2a04a53328a06","parentUid":"57d679bdf5731dddd9f7bb82c0fbe579","status":"failed","time":{"start":1701970712425,"stop":1701970712893,"duration":468},"flaky":false,"newFailed":false,"newPassed":false,"newBroken":false,"retriesCount":0,"retriesStatusChange":false,"parameters":[],"tags":[]}],"uid":"57d679bdf5731dddd9f7bb82c0fbe579"}],"uid":"8fb3a91ba5aaf9de24cc8a92edc82b5d"},{"name":"Test defects","children":[{"name":"java.lang.IllegalStateException: Expected BEGIN_OBJECT but was BEGIN_ARRAY at line 1 column 2 path $","children":[{"name":"should retrieve message by proper id","uid":"1031c0926c414440","parentUid":"f0e4d28470108f184e995d6390353b34","status":"broken","time":{"start":1701970697180,"stop":1701970698564,"duration":1384},"flaky":false,"newFailed":false,"newPassed":false,"newBroken":false,"retriesCount":0,"retriesStatusChange":false,"parameters":[],"tags":[]}],"uid":"f0e4d28470108f184e995d6390353b34"}],"uid":"bdbf199525818fae7a8651db9eafe741"}]}